# JRE version: OpenJDK Runtime Environment Temurin-17.0.10+7 (17.0.10+7) (build 17.0.10+7)
# Java VM: OpenJDK 64-Bit Server VM Temurin-17.0.10+7 (17.0.10+7, mixed mode, tiered, compressed oops, compressed class ptrs, parallel gc, windows-amd64)
GC Precious Log:
 CPUs: 8 total, 8 available
 Memory: 16110M
 Large Page Support: Disabled
 NUMA Support: Disabled
 Compressed Oops: Enabled (32-bit)
 Alignments: Space 512K, Generation 512K, Heap 2M
 Heap Min Capacity: 100M
 Heap Initial Capacity: 100M
 Heap Max Capacity: 1G
 Pre-touch: Disabled
 Parallel Workers: 8
Heap:
 PSYoungGen      total 52224K, used 46176K [0x00000000eab00000, 0x00000000ee280000, 0x0000000100000000)
  eden space 47616K, 94% used [0x00000000eab00000,0x00000000ed6f5e00,0x00000000ed980000)
  from space 4608K, 25% used [0x00000000ed980000,0x00000000edaa2420,0x00000000ede00000)
  to   space 2048K, 0% used [0x00000000ee080000,0x00000000ee080000,0x00000000ee280000)
 ParOldGen       total 285696K, used 236850K [0x00000000c0000000, 0x00000000d1700000, 0x00000000eab00000)
  object space 285696K, 82% used [0x00000000c0000000,0x00000000ce74cbd8,0x00000000d1700000)
 Metaspace       used 111985K, committed 113856K, reserved 1179648K
  class space    used 11686K, committed 12544K, reserved 1048576K
GC Heap History (20 events):
Event: 592.493 GC heap before
{Heap before GC invocations=2170 (full 51):
 PSYoungGen      total 37888K, used 12841K [0x00000000eab00000, 0x00000000ee000000, 0x0000000100000000)
  eden space 24576K, 0% used [0x00000000eab00000,0x00000000eab00000,0x00000000ec300000)
  from space 13312K, 96% used [0x00000000ec300000,0x00000000ecf8a460,0x00000000ed000000)
  to   space 13312K, 0% used [0x00000000ed300000,0x00000000ed300000,0x00000000ee000000)
 ParOldGen       total 269824K, used 267237K [0x00000000c0000000, 0x00000000d0780000, 0x00000000eab00000)
  object space 269824K, 99% used [0x00000000c0000000,0x00000000d04f94f8,0x00000000d0780000)
 Metaspace       used 112831K, committed 114624K, reserved 1179648K
  class space    used 11816K, committed 12672K, reserved 1048576K
}
Event: 592.690 GC heap after
{Heap after GC invocations=2170 (full 51):
 PSYoungGen      total 40960K, used 0K [0x00000000eab00000, 0x00000000ee000000, 0x0000000100000000)
  eden space 27648K, 0% used [0x00000000eab00000,0x00000000eab00000,0x00000000ec600000)
  from space 13312K, 0% used [0x00000000ed300000,0x00000000ed300000,0x00000000ee000000)
  to   space 13312K, 0% used [0x00000000ec600000,0x00000000ec600000,0x00000000ed300000)
 ParOldGen       total 285696K, used 167674K [0x00000000c0000000, 0x00000000d1700000, 0x00000000eab00000)
  object space 285696K, 58% used [0x00000000c0000000,0x00000000ca3beb58,0x00000000d1700000)
 Metaspace       used 111953K, committed 113856K, reserved 1179648K
  class space    used 11686K, committed 12544K, reserved 1048576K
}
Event: 592.697 GC heap before
{Heap before GC invocations=2171 (full 51):
 PSYoungGen      total 40960K, used 19756K [0x00000000eab00000, 0x00000000ee000000, 0x0000000100000000)
  eden space 27648K, 71% used [0x00000000eab00000,0x00000000ebe4b268,0x00000000ec600000)
  from space 13312K, 0% used [0x00000000ed300000,0x00000000ed300000,0x00000000ee000000)
  to   space 13312K, 0% used [0x00000000ec600000,0x00000000ec600000,0x00000000ed300000)
 ParOldGen       total 285696K, used 167674K [0x00000000c0000000, 0x00000000d1700000, 0x00000000eab00000)
  object space 285696K, 58% used [0x00000000c0000000,0x00000000ca3beb58,0x00000000d1700000)
 Metaspace       used 111953K, committed 113856K, reserved 1179648K
  class space    used 11686K, committed 12544K, reserved 1048576K
}
Event: 592.700 GC heap after
{Heap after GC invocations=2171 (full 51):
 PSYoungGen      total 40960K, used 11712K [0x00000000eab00000, 0x00000000ee100000, 0x0000000100000000)
  eden space 27648K, 0% used [0x00000000eab00000,0x00000000eab00000,0x00000000ec600000)
  from space 13312K, 87% used [0x00000000ec600000,0x00000000ed170010,0x00000000ed300000)
  to   space 12288K, 0% used [0x00000000ed500000,0x00000000ed500000,0x00000000ee100000)
 ParOldGen       total 285696K, used 175354K [0x00000000c0000000, 0x00000000d1700000, 0x00000000eab00000)
  object space 285696K, 61% used [0x00000000c0000000,0x00000000cab3eb68,0x00000000d1700000)
 Metaspace       used 111953K, committed 113856K, reserved 1179648K
  class space    used 11686K, committed 12544K, reserved 1048576K
}
Event: 592.707 GC heap before
{Heap before GC invocations=2172 (full 51):
 PSYoungGen      total 40960K, used 35243K [0x00000000eab00000, 0x00000000ee100000, 0x0000000100000000)
  eden space 27648K, 85% used [0x00000000eab00000,0x00000000ec1fafb0,0x00000000ec600000)
  from space 13312K, 87% used [0x00000000ec600000,0x00000000ed170010,0x00000000ed300000)
  to   space 12288K, 0% used [0x00000000ed500000,0x00000000ed500000,0x00000000ee100000)
 ParOldGen       total 285696K, used 175354K [0x00000000c0000000, 0x00000000d1700000, 0x00000000eab00000)
  object space 285696K, 61% used [0x00000000c0000000,0x00000000cab3eb68,0x00000000d1700000)
 Metaspace       used 111953K, committed 113856K, reserved 1179648K
  class space    used 11686K, committed 12544K, reserved 1048576K
}
Event: 592.709 GC heap after
{Heap after GC invocations=2172 (full 51):
 PSYoungGen      total 42496K, used 11648K [0x00000000eab00000, 0x00000000ee080000, 0x0000000100000000)
  eden space 30720K, 0% used [0x00000000eab00000,0x00000000eab00000,0x00000000ec900000)
  from space 11776K, 98% used [0x00000000ed500000,0x00000000ee060010,0x00000000ee080000)
  to   space 11776K, 0% used [0x00000000ec980000,0x00000000ec980000,0x00000000ed500000)
 ParOldGen       total 285696K, used 175354K [0x00000000c0000000, 0x00000000d1700000, 0x00000000eab00000)
  object space 285696K, 61% used [0x00000000c0000000,0x00000000cab3eb68,0x00000000d1700000)
 Metaspace       used 111953K, committed 113856K, reserved 1179648K
  class space    used 11686K, committed 12544K, reserved 1048576K
}
Event: 592.713 GC heap before
{Heap before GC invocations=2173 (full 51):
 PSYoungGen      total 42496K, used 31415K [0x00000000eab00000, 0x00000000ee080000, 0x0000000100000000)
  eden space 30720K, 64% used [0x00000000eab00000,0x00000000ebe4de00,0x00000000ec900000)
  from space 11776K, 98% used [0x00000000ed500000,0x00000000ee060010,0x00000000ee080000)
  to   space 11776K, 0% used [0x00000000ec980000,0x00000000ec980000,0x00000000ed500000)
 ParOldGen       total 285696K, used 175354K [0x00000000c0000000, 0x00000000d1700000, 0x00000000eab00000)
  object space 285696K, 61% used [0x00000000c0000000,0x00000000cab3eb68,0x00000000d1700000)
 Metaspace       used 111953K, committed 113856K, reserved 1179648K
  class space    used 11686K, committed 12544K, reserved 1048576K
}
Event: 592.716 GC heap after
{Heap after GC invocations=2173 (full 51):
 PSYoungGen      total 43008K, used 11712K [0x00000000eab00000, 0x00000000ee380000, 0x0000000100000000)
  eden space 31232K, 0% used [0x00000000eab00000,0x00000000eab00000,0x00000000ec980000)
  from space 11776K, 99% used [0x00000000ec980000,0x00000000ed4f0010,0x00000000ed500000)
  to   space 11776K, 0% used [0x00000000ed800000,0x00000000ed800000,0x00000000ee380000)
 ParOldGen       total 285696K, used 194554K [0x00000000c0000000, 0x00000000d1700000, 0x00000000eab00000)
  object space 285696K, 68% used [0x00000000c0000000,0x00000000cbdfeb88,0x00000000d1700000)
 Metaspace       used 111953K, committed 113856K, reserved 1179648K
  class space    used 11686K, committed 12544K, reserved 1048576K
}
Event: 592.720 GC heap before
{Heap before GC invocations=2174 (full 51):
 PSYoungGen      total 43008K, used 31501K [0x00000000eab00000, 0x00000000ee380000, 0x0000000100000000)
  eden space 31232K, 63% used [0x00000000eab00000,0x00000000ebe53598,0x00000000ec980000)
  from space 11776K, 99% used [0x00000000ec980000,0x00000000ed4f0010,0x00000000ed500000)
  to   space 11776K, 0% used [0x00000000ed800000,0x00000000ed800000,0x00000000ee380000)
 ParOldGen       total 285696K, used 194554K [0x00000000c0000000, 0x00000000d1700000, 0x00000000eab00000)
  object space 285696K, 68% used [0x00000000c0000000,0x00000000cbdfeb88,0x00000000d1700000)
 Metaspace       used 111953K, committed 113856K, reserved 1179648K
  class space    used 11686K, committed 12544K, reserved 1048576K
}
Event: 592.724 GC heap after
{Heap after GC invocations=2174 (full 51):
 PSYoungGen      total 46080K, used 11760K [0x00000000eab00000, 0x00000000ee500000, 0x0000000100000000)
  eden space 34304K, 0% used [0x00000000eab00000,0x00000000eab00000,0x00000000ecc80000)
  from space 11776K, 99% used [0x00000000ed800000,0x00000000ee37c020,0x00000000ee380000)
  to   space 11776K, 0% used [0x00000000ecc80000,0x00000000ecc80000,0x00000000ed800000)
 ParOldGen       total 285696K, used 202234K [0x00000000c0000000, 0x00000000d1700000, 0x00000000eab00000)
  object space 285696K, 70% used [0x00000000c0000000,0x00000000cc57eb98,0x00000000d1700000)
 Metaspace       used 111953K, committed 113856K, reserved 1179648K
  class space    used 11686K, committed 12544K, reserved 1048576K
}
Event: 592.729 GC heap before
{Heap before GC invocations=2175 (full 51):
 PSYoungGen      total 46080K, used 43133K [0x00000000eab00000, 0x00000000ee500000, 0x0000000100000000)
  eden space 34304K, 91% used [0x00000000eab00000,0x00000000ec9a3750,0x00000000ecc80000)
  from space 11776K, 99% used [0x00000000ed800000,0x00000000ee37c020,0x00000000ee380000)
  to   space 11776K, 0% used [0x00000000ecc80000,0x00000000ecc80000,0x00000000ed800000)
 ParOldGen       total 285696K, used 202234K [0x00000000c0000000, 0x00000000d1700000, 0x00000000eab00000)
  object space 285696K, 70% used [0x00000000c0000000,0x00000000cc57eb98,0x00000000d1700000)
 Metaspace       used 111953K, committed 113856K, reserved 1179648K
  class space    used 11686K, committed 12544K, reserved 1048576K
}
Event: 592.732 GC heap after
{Heap after GC invocations=2175 (full 51):
 PSYoungGen      total 46080K, used 11744K [0x00000000eab00000, 0x00000000ee800000, 0x0000000100000000)
  eden space 34304K, 0% used [0x00000000eab00000,0x00000000eab00000,0x00000000ecc80000)
  from space 11776K, 99% used [0x00000000ecc80000,0x00000000ed7f8010,0x00000000ed800000)
  to   space 11776K, 0% used [0x00000000edc80000,0x00000000edc80000,0x00000000ee800000)
 ParOldGen       total 285696K, used 209914K [0x00000000c0000000, 0x00000000d1700000, 0x00000000eab00000)
  object space 285696K, 73% used [0x00000000c0000000,0x00000000cccfeba8,0x00000000d1700000)
 Metaspace       used 111953K, committed 113856K, reserved 1179648K
  class space    used 11686K, committed 12544K, reserved 1048576K
}
Event: 592.735 GC heap before
{Heap before GC invocations=2176 (full 51):
 PSYoungGen      total 46080K, used 43125K [0x00000000eab00000, 0x00000000ee800000, 0x0000000100000000)
  eden space 34304K, 91% used [0x00000000eab00000,0x00000000ec9a5658,0x00000000ecc80000)
  from space 11776K, 99% used [0x00000000ecc80000,0x00000000ed7f8010,0x00000000ed800000)
  to   space 11776K, 0% used [0x00000000edc80000,0x00000000edc80000,0x00000000ee800000)
 ParOldGen       total 285696K, used 209914K [0x00000000c0000000, 0x00000000d1700000, 0x00000000eab00000)
  object space 285696K, 73% used [0x00000000c0000000,0x00000000cccfeba8,0x00000000d1700000)
 Metaspace       used 111953K, committed 113856K, reserved 1179648K
  class space    used 11686K, committed 12544K, reserved 1048576K
}
Event: 592.740 GC heap after
{Heap after GC invocations=2176 (full 51):
 PSYoungGen      total 50688K, used 11680K [0x00000000eab00000, 0x00000000ee880000, 0x0000000100000000)
  eden space 38912K, 0% used [0x00000000eab00000,0x00000000eab00000,0x00000000ed100000)
  from space 11776K, 99% used [0x00000000edc80000,0x00000000ee7e8010,0x00000000ee800000)
  to   space 11776K, 0% used [0x00000000ed100000,0x00000000ed100000,0x00000000edc80000)
 ParOldGen       total 285696K, used 217594K [0x00000000c0000000, 0x00000000d1700000, 0x00000000eab00000)
  object space 285696K, 76% used [0x00000000c0000000,0x00000000cd47ebb8,0x00000000d1700000)
 Metaspace       used 111953K, committed 113856K, reserved 1179648K
  class space    used 11686K, committed 12544K, reserved 1048576K
}
Event: 592.745 GC heap before
{Heap before GC invocations=2177 (full 51):
 PSYoungGen      total 50688K, used 43156K [0x00000000eab00000, 0x00000000ee880000, 0x0000000100000000)
  eden space 38912K, 80% used [0x00000000eab00000,0x00000000ec9bd0a0,0x00000000ed100000)
  from space 11776K, 99% used [0x00000000edc80000,0x00000000ee7e8010,0x00000000ee800000)
  to   space 11776K, 0% used [0x00000000ed100000,0x00000000ed100000,0x00000000edc80000)
 ParOldGen       total 285696K, used 217594K [0x00000000c0000000, 0x00000000d1700000, 0x00000000eab00000)
  object space 285696K, 76% used [0x00000000c0000000,0x00000000cd47ebb8,0x00000000d1700000)
 Metaspace       used 111953K, committed 113856K, reserved 1179648K
  class space    used 11686K, committed 12544K, reserved 1048576K
}
Event: 592.747 GC heap after
{Heap after GC invocations=2177 (full 51):
 PSYoungGen      total 50688K, used 11744K [0x00000000eab00000, 0x00000000eed80000, 0x0000000100000000)
  eden space 38912K, 0% used [0x00000000eab00000,0x00000000eab00000,0x00000000ed100000)
  from space 11776K, 99% used [0x00000000ed100000,0x00000000edc78010,0x00000000edc80000)
  to   space 11776K, 0% used [0x00000000ee200000,0x00000000ee200000,0x00000000eed80000)
 ParOldGen       total 285696K, used 225274K [0x00000000c0000000, 0x00000000d1700000, 0x00000000eab00000)
  object space 285696K, 78% used [0x00000000c0000000,0x00000000cdbfebc8,0x00000000d1700000)
 Metaspace       used 111953K, committed 113856K, reserved 1179648K
  class space    used 11686K, committed 12544K, reserved 1048576K
}
Event: 593.990 GC heap before
{Heap before GC invocations=2178 (full 51):
 PSYoungGen      total 50688K, used 50656K [0x00000000eab00000, 0x00000000eed80000, 0x0000000100000000)
  eden space 38912K, 100% used [0x00000000eab00000,0x00000000ed100000,0x00000000ed100000)
  from space 11776K, 99% used [0x00000000ed100000,0x00000000edc78010,0x00000000edc80000)
  to   space 11776K, 0% used [0x00000000ee200000,0x00000000ee200000,0x00000000eed80000)
 ParOldGen       total 285696K, used 225274K [0x00000000c0000000, 0x00000000d1700000, 0x00000000eab00000)
  object space 285696K, 78% used [0x00000000c0000000,0x00000000cdbfebc8,0x00000000d1700000)
 Metaspace       used 111955K, committed 113856K, reserved 1179648K
  class space    used 11686K, committed 12544K, reserved 1048576K
}
Event: 593.993 GC heap after
{Heap after GC invocations=2178 (full 51):
 PSYoungGen      total 44544K, used 288K [0x00000000eab00000, 0x00000000ee280000, 0x0000000100000000)
  eden space 44032K, 0% used [0x00000000eab00000,0x00000000eab00000,0x00000000ed600000)
  from space 512K, 56% used [0x00000000ee200000,0x00000000ee248000,0x00000000ee280000)
  to   space 4608K, 0% used [0x00000000ed980000,0x00000000ed980000,0x00000000ede00000)
 ParOldGen       total 285696K, used 236834K [0x00000000c0000000, 0x00000000d1700000, 0x00000000eab00000)
  object space 285696K, 82% used [0x00000000c0000000,0x00000000ce748bd8,0x00000000d1700000)
 Metaspace       used 111955K, committed 113856K, reserved 1179648K
  class space    used 11686K, committed 12544K, reserved 1048576K
}
Event: 606.168 GC heap before
{Heap before GC invocations=2179 (full 51):
 PSYoungGen      total 44544K, used 44320K [0x00000000eab00000, 0x00000000ee280000, 0x0000000100000000)
  eden space 44032K, 100% used [0x00000000eab00000,0x00000000ed600000,0x00000000ed600000)
  from space 512K, 56% used [0x00000000ee200000,0x00000000ee248000,0x00000000ee280000)
  to   space 4608K, 0% used [0x00000000ed980000,0x00000000ed980000,0x00000000ede00000)
 ParOldGen       total 285696K, used 236834K [0x00000000c0000000, 0x00000000d1700000, 0x00000000eab00000)
  object space 285696K, 82% used [0x00000000c0000000,0x00000000ce748bd8,0x00000000d1700000)
 Metaspace       used 111984K, committed 113856K, reserved 1179648K
  class space    used 11686K, committed 12544K, reserved 1048576K
}
Event: 606.170 GC heap after
{Heap after GC invocations=2179 (full 51):
 PSYoungGen      total 52224K, used 1161K [0x00000000eab00000, 0x00000000ee280000, 0x0000000100000000)
  eden space 47616K, 0% used [0x00000000eab00000,0x00000000eab00000,0x00000000ed980000)
  from space 4608K, 25% used [0x00000000ed980000,0x00000000edaa2420,0x00000000ede00000)
  to   space 2048K, 0% used [0x00000000ee080000,0x00000000ee080000,0x00000000ee280000)
 ParOldGen       total 285696K, used 236850K [0x00000000c0000000, 0x00000000d1700000, 0x00000000eab00000)
  object space 285696K, 82% used [0x00000000c0000000,0x00000000ce74cbd8,0x00000000d1700000)
 Metaspace       used 111984K, committed 113856K, reserved 1179648K
  class space    used 11686K, committed 12544K, reserved 1048576K
}

